2021-02-05 09:35:43.966  INFO 39059 --- [restartedMain] a.demo.XingzhengguanjiaApplication       : Starting XingzhengguanjiaApplication using Java 15 on RaydeMacBook-Pro.local with PID 39059 (/Users/rayap/IdeaProjects/xingzhengguanjia/target/classes started by rayap in /Users/rayap/IdeaProjects/xingzhengguanjia)
2021-02-05 09:35:43.971  INFO 39059 --- [restartedMain] a.demo.XingzhengguanjiaApplication       : No active profile set, falling back to default profiles: default
2021-02-05 09:35:44.018  INFO 39059 --- [restartedMain] .e.DevToolsPropertyDefaultsPostProcessor : Devtools property defaults active! Set 'spring.devtools.add-properties' to 'false' to disable
2021-02-05 09:35:44.018  INFO 39059 --- [restartedMain] .e.DevToolsPropertyDefaultsPostProcessor : For additional web related logging consider setting the 'logging.level.web' property to 'DEBUG'
2021-02-05 09:35:44.618  INFO 39059 --- [restartedMain] .s.d.r.c.RepositoryConfigurationDelegate : Bootstrapping Spring Data JPA repositories in DEFAULT mode.
2021-02-05 09:35:44.680  INFO 39059 --- [restartedMain] .s.d.r.c.RepositoryConfigurationDelegate : Finished Spring Data repository scanning in 55 ms. Found 5 JPA repository interfaces.
2021-02-05 09:35:45.081  INFO 39059 --- [restartedMain] o.s.b.w.embedded.tomcat.TomcatWebServer  : Tomcat initialized with port(s): 8080 (http)
2021-02-05 09:35:45.086  INFO 39059 --- [restartedMain] o.apache.catalina.core.StandardService   : Starting service [Tomcat]
2021-02-05 09:35:45.086  INFO 39059 --- [restartedMain] org.apache.catalina.core.StandardEngine  : Starting Servlet engine: [Apache Tomcat/9.0.41]
2021-02-05 09:35:45.129  INFO 39059 --- [restartedMain] o.a.c.c.C.[Tomcat].[localhost].[/]       : Initializing Spring embedded WebApplicationContext
2021-02-05 09:35:45.130  INFO 39059 --- [restartedMain] w.s.c.ServletWebServerApplicationContext : Root WebApplicationContext: initialization completed in 1111 ms
2021-02-05 09:35:45.258  INFO 39059 --- [restartedMain] o.hibernate.jpa.internal.util.LogHelper  : HHH000204: Processing PersistenceUnitInfo [name: default]
2021-02-05 09:35:45.279  INFO 39059 --- [restartedMain] org.hibernate.Version                    : HHH000412: Hibernate ORM core version 5.4.25.Final
2021-02-05 09:35:45.368  INFO 39059 --- [restartedMain] o.hibernate.annotations.common.Version   : HCANN000001: Hibernate Commons Annotations {5.1.2.Final}
2021-02-05 09:35:45.427  INFO 39059 --- [restartedMain] com.zaxxer.hikari.HikariDataSource       : HikariPool-1 - Starting...
2021-02-05 09:35:45.664  INFO 39059 --- [restartedMain] com.zaxxer.hikari.HikariDataSource       : HikariPool-1 - Start completed.
2021-02-05 09:35:45.675  INFO 39059 --- [restartedMain] org.hibernate.dialect.Dialect            : HHH000400: Using dialect: org.hibernate.dialect.MySQL8Dialect
2021-02-05 09:35:46.112  INFO 39059 --- [restartedMain] o.h.e.t.j.p.i.JtaPlatformInitiator       : HHH000490: Using JtaPlatform implementation: [org.hibernate.engine.transaction.jta.platform.internal.NoJtaPlatform]
2021-02-05 09:35:46.116  INFO 39059 --- [restartedMain] j.LocalContainerEntityManagerFactoryBean : Initialized JPA EntityManagerFactory for persistence unit 'default'
2021-02-05 09:35:46.135  INFO 39059 --- [restartedMain] o.s.b.d.a.OptionalLiveReloadServer       : LiveReload server is running on port 35729
2021-02-05 09:35:46.158  WARN 39059 --- [restartedMain] JpaBaseConfiguration$JpaWebConfiguration : spring.jpa.open-in-view is enabled by default. Therefore, database queries may be performed during view rendering. Explicitly configure spring.jpa.open-in-view to disable this warning
2021-02-05 09:35:46.608  INFO 39059 --- [restartedMain] o.s.s.concurrent.ThreadPoolTaskExecutor  : Initializing ExecutorService 'applicationTaskExecutor'
2021-02-05 09:35:46.663  INFO 39059 --- [restartedMain] o.s.b.a.w.s.WelcomePageHandlerMapping    : Adding welcome page template: index
2021-02-05 09:35:46.796  INFO 39059 --- [restartedMain] .s.s.UserDetailsServiceAutoConfiguration : 

Using generated security password: 35134306-9a7e-4ff8-8129-7efc970c7741

2021-02-05 09:35:46.850  INFO 39059 --- [restartedMain] o.s.s.web.DefaultSecurityFilterChain     : Will secure any request with [org.springframework.security.web.context.request.async.WebAsyncManagerIntegrationFilter@291d00d9, org.springframework.security.web.context.SecurityContextPersistenceFilter@4854bf44, org.springframework.security.web.header.HeaderWriterFilter@4be1c82e, org.springframework.security.web.csrf.CsrfFilter@720b0fce, org.springframework.security.web.authentication.logout.LogoutFilter@6422c2ee, org.springframework.security.web.savedrequest.RequestCacheAwareFilter@71a6c2bf, org.springframework.security.web.servletapi.SecurityContextHolderAwareRequestFilter@7121d07d, org.springframework.security.web.authentication.rememberme.RememberMeAuthenticationFilter@3b8af159, org.springframework.security.web.authentication.AnonymousAuthenticationFilter@3c879961, org.springframework.security.web.session.SessionManagementFilter@2a79a16e, org.springframework.security.web.access.ExceptionTranslationFilter@744e71d]
2021-02-05 09:35:46.864  INFO 39059 --- [restartedMain] o.s.s.c.ThreadPoolTaskScheduler          : Initializing ExecutorService 'taskScheduler'
2021-02-05 09:35:46.915  INFO 39059 --- [restartedMain] o.s.b.w.embedded.tomcat.TomcatWebServer  : Tomcat started on port(s): 8080 (http) with context path ''
2021-02-05 09:35:46.927  INFO 39059 --- [restartedMain] a.demo.XingzhengguanjiaApplication       : Started XingzhengguanjiaApplication in 3.237 seconds (JVM running for 3.943)
2021-02-05 09:36:03.318  INFO 39059 --- [http-nio-8080-exec-1] o.a.c.c.C.[Tomcat].[localhost].[/]       : Initializing Spring DispatcherServlet 'dispatcherServlet'
2021-02-05 09:36:03.319  INFO 39059 --- [http-nio-8080-exec-1] o.s.web.servlet.DispatcherServlet        : Initializing Servlet 'dispatcherServlet'
2021-02-05 09:36:03.320  INFO 39059 --- [http-nio-8080-exec-1] o.s.web.servlet.DispatcherServlet        : Completed initialization in 1 ms
2021-02-05 09:36:24.454  WARN 39059 --- [http-nio-8080-exec-4] o.springframework.validation.DataBinder  : Skipping URI variable 'id' because request contains bind value with same name.
2021-02-05 09:39:19.253  INFO 39059 --- [Thread-4] o.s.s.c.ThreadPoolTaskScheduler          : Shutting down ExecutorService 'taskScheduler'
2021-02-05 09:39:19.254  INFO 39059 --- [Thread-4] o.s.s.concurrent.ThreadPoolTaskExecutor  : Shutting down ExecutorService 'applicationTaskExecutor'
2021-02-05 09:39:19.255  INFO 39059 --- [Thread-4] j.LocalContainerEntityManagerFactoryBean : Closing JPA EntityManagerFactory for persistence unit 'default'
2021-02-05 09:39:19.258  INFO 39059 --- [Thread-4] com.zaxxer.hikari.HikariDataSource       : HikariPool-1 - Shutdown initiated...
2021-02-05 09:39:19.263  INFO 39059 --- [Thread-4] com.zaxxer.hikari.HikariDataSource       : HikariPool-1 - Shutdown completed.
2021-02-05 09:39:19.540  INFO 39059 --- [restartedMain] a.demo.XingzhengguanjiaApplication       : Starting XingzhengguanjiaApplication using Java 15 on RaydeMacBook-Pro.local with PID 39059 (/Users/rayap/IdeaProjects/xingzhengguanjia/target/classes started by rayap in /Users/rayap/IdeaProjects/xingzhengguanjia)
2021-02-05 09:39:19.540  INFO 39059 --- [restartedMain] a.demo.XingzhengguanjiaApplication       : No active profile set, falling back to default profiles: default
2021-02-05 09:39:19.754  INFO 39059 --- [restartedMain] .s.d.r.c.RepositoryConfigurationDelegate : Bootstrapping Spring Data JPA repositories in DEFAULT mode.
2021-02-05 09:39:19.774  INFO 39059 --- [restartedMain] .s.d.r.c.RepositoryConfigurationDelegate : Finished Spring Data repository scanning in 20 ms. Found 5 JPA repository interfaces.
2021-02-05 09:39:19.882  INFO 39059 --- [restartedMain] o.s.b.w.embedded.tomcat.TomcatWebServer  : Tomcat initialized with port(s): 8080 (http)
2021-02-05 09:39:19.882  INFO 39059 --- [restartedMain] o.apache.catalina.core.StandardService   : Starting service [Tomcat]
2021-02-05 09:39:19.883  INFO 39059 --- [restartedMain] org.apache.catalina.core.StandardEngine  : Starting Servlet engine: [Apache Tomcat/9.0.41]
2021-02-05 09:39:19.894  INFO 39059 --- [restartedMain] o.a.c.c.C.[Tomcat].[localhost].[/]       : Initializing Spring embedded WebApplicationContext
2021-02-05 09:39:19.895  INFO 39059 --- [restartedMain] w.s.c.ServletWebServerApplicationContext : Root WebApplicationContext: initialization completed in 352 ms
2021-02-05 09:39:19.930  INFO 39059 --- [restartedMain] o.hibernate.jpa.internal.util.LogHelper  : HHH000204: Processing PersistenceUnitInfo [name: default]
2021-02-05 09:39:19.935  INFO 39059 --- [restartedMain] com.zaxxer.hikari.HikariDataSource       : HikariPool-2 - Starting...
2021-02-05 09:39:19.967  INFO 39059 --- [restartedMain] com.zaxxer.hikari.HikariDataSource       : HikariPool-2 - Start completed.
2021-02-05 09:39:19.968  INFO 39059 --- [restartedMain] org.hibernate.dialect.Dialect            : HHH000400: Using dialect: org.hibernate.dialect.MySQL8Dialect
2021-02-05 09:39:20.091  INFO 39059 --- [restartedMain] o.h.e.t.j.p.i.JtaPlatformInitiator       : HHH000490: Using JtaPlatform implementation: [org.hibernate.engine.transaction.jta.platform.internal.NoJtaPlatform]
2021-02-05 09:39:20.091  INFO 39059 --- [restartedMain] j.LocalContainerEntityManagerFactoryBean : Initialized JPA EntityManagerFactory for persistence unit 'default'
2021-02-05 09:39:20.103  INFO 39059 --- [restartedMain] o.s.b.d.a.OptionalLiveReloadServer       : LiveReload server is running on port 35729
2021-02-05 09:39:20.119  WARN 39059 --- [restartedMain] JpaBaseConfiguration$JpaWebConfiguration : spring.jpa.open-in-view is enabled by default. Therefore, database queries may be performed during view rendering. Explicitly configure spring.jpa.open-in-view to disable this warning
2021-02-05 09:39:20.318  INFO 39059 --- [restartedMain] o.s.s.concurrent.ThreadPoolTaskExecutor  : Initializing ExecutorService 'applicationTaskExecutor'
2021-02-05 09:39:20.334  INFO 39059 --- [restartedMain] o.s.b.a.w.s.WelcomePageHandlerMapping    : Adding welcome page template: index
2021-02-05 09:39:20.371  INFO 39059 --- [restartedMain] .s.s.UserDetailsServiceAutoConfiguration : 

Using generated security password: 676aaf2c-50c7-44c7-bcfe-27460339ee8c

2021-02-05 09:39:20.376  INFO 39059 --- [restartedMain] o.s.s.web.DefaultSecurityFilterChain     : Will secure any request with [org.springframework.security.web.context.request.async.WebAsyncManagerIntegrationFilter@68e1e9f0, org.springframework.security.web.context.SecurityContextPersistenceFilter@3dee2b9, org.springframework.security.web.header.HeaderWriterFilter@550b9cbe, org.springframework.security.web.csrf.CsrfFilter@50491229, org.springframework.security.web.authentication.logout.LogoutFilter@5ded043d, org.springframework.security.web.savedrequest.RequestCacheAwareFilter@485e4be8, org.springframework.security.web.servletapi.SecurityContextHolderAwareRequestFilter@4139d031, org.springframework.security.web.authentication.rememberme.RememberMeAuthenticationFilter@67d60563, org.springframework.security.web.authentication.AnonymousAuthenticationFilter@5689f228, org.springframework.security.web.session.SessionManagementFilter@1b1e63a9, org.springframework.security.web.access.ExceptionTranslationFilter@265da2c8]
2021-02-05 09:39:20.379  INFO 39059 --- [restartedMain] o.s.s.c.ThreadPoolTaskScheduler          : Initializing ExecutorService 'taskScheduler'
2021-02-05 09:39:20.392  INFO 39059 --- [restartedMain] o.s.b.w.embedded.tomcat.TomcatWebServer  : Tomcat started on port(s): 8080 (http) with context path ''
2021-02-05 09:39:20.396  INFO 39059 --- [restartedMain] a.demo.XingzhengguanjiaApplication       : Started XingzhengguanjiaApplication in 1.085 seconds (JVM running for 217.412)
2021-02-05 09:39:20.397  INFO 39059 --- [restartedMain] .ConditionEvaluationDeltaLoggingListener : Condition evaluation unchanged
2021-02-05 09:40:29.642  INFO 39059 --- [http-nio-8080-exec-1] o.a.c.c.C.[Tomcat].[localhost].[/]       : Initializing Spring DispatcherServlet 'dispatcherServlet'
2021-02-05 09:40:29.642  INFO 39059 --- [http-nio-8080-exec-1] o.s.web.servlet.DispatcherServlet        : Initializing Servlet 'dispatcherServlet'
2021-02-05 09:40:29.643  INFO 39059 --- [http-nio-8080-exec-1] o.s.web.servlet.DispatcherServlet        : Completed initialization in 1 ms
2021-02-05 09:44:33.224  INFO 39059 --- [SpringContextShutdownHook] o.s.s.c.ThreadPoolTaskScheduler          : Shutting down ExecutorService 'taskScheduler'
2021-02-05 09:44:33.225  INFO 39059 --- [SpringContextShutdownHook] o.s.s.concurrent.ThreadPoolTaskExecutor  : Shutting down ExecutorService 'applicationTaskExecutor'
2021-02-05 09:44:33.227  INFO 39059 --- [SpringContextShutdownHook] j.LocalContainerEntityManagerFactoryBean : Closing JPA EntityManagerFactory for persistence unit 'default'
2021-02-05 09:44:33.227  INFO 39059 --- [SpringContextShutdownHook] com.zaxxer.hikari.HikariDataSource       : HikariPool-2 - Shutdown initiated...
2021-02-05 09:44:33.230  INFO 39059 --- [SpringContextShutdownHook] com.zaxxer.hikari.HikariDataSource       : HikariPool-2 - Shutdown completed.
2021-02-05 09:44:56.484  INFO 40032 --- [restartedMain] a.demo.XingzhengguanjiaApplication       : Starting XingzhengguanjiaApplication using Java 15 on RaydeMacBook-Pro.local with PID 40032 (/Users/rayap/IdeaProjects/xingzhengguanjia/target/classes started by rayap in /Users/rayap/IdeaProjects/xingzhengguanjia)
2021-02-05 09:44:56.486  INFO 40032 --- [restartedMain] a.demo.XingzhengguanjiaApplication       : No active profile set, falling back to default profiles: default
2021-02-05 09:44:56.524  INFO 40032 --- [restartedMain] .e.DevToolsPropertyDefaultsPostProcessor : Devtools property defaults active! Set 'spring.devtools.add-properties' to 'false' to disable
2021-02-05 09:44:56.524  INFO 40032 --- [restartedMain] .e.DevToolsPropertyDefaultsPostProcessor : For additional web related logging consider setting the 'logging.level.web' property to 'DEBUG'
2021-02-05 09:44:57.066  INFO 40032 --- [restartedMain] .s.d.r.c.RepositoryConfigurationDelegate : Bootstrapping Spring Data JPA repositories in DEFAULT mode.
2021-02-05 09:44:57.113  INFO 40032 --- [restartedMain] .s.d.r.c.RepositoryConfigurationDelegate : Finished Spring Data repository scanning in 42 ms. Found 5 JPA repository interfaces.
2021-02-05 09:44:57.520  INFO 40032 --- [restartedMain] o.s.b.w.embedded.tomcat.TomcatWebServer  : Tomcat initialized with port(s): 8080 (http)
2021-02-05 09:44:57.526  INFO 40032 --- [restartedMain] o.apache.catalina.core.StandardService   : Starting service [Tomcat]
2021-02-05 09:44:57.526  INFO 40032 --- [restartedMain] org.apache.catalina.core.StandardEngine  : Starting Servlet engine: [Apache Tomcat/9.0.41]
2021-02-05 09:44:57.574  INFO 40032 --- [restartedMain] o.a.c.c.C.[Tomcat].[localhost].[/]       : Initializing Spring embedded WebApplicationContext
2021-02-05 09:44:57.574  INFO 40032 --- [restartedMain] w.s.c.ServletWebServerApplicationContext : Root WebApplicationContext: initialization completed in 1049 ms
2021-02-05 09:44:57.700  INFO 40032 --- [restartedMain] o.hibernate.jpa.internal.util.LogHelper  : HHH000204: Processing PersistenceUnitInfo [name: default]
2021-02-05 09:44:57.726  INFO 40032 --- [restartedMain] org.hibernate.Version                    : HHH000412: Hibernate ORM core version 5.4.25.Final
2021-02-05 09:44:57.824  INFO 40032 --- [restartedMain] o.hibernate.annotations.common.Version   : HCANN000001: Hibernate Commons Annotations {5.1.2.Final}
2021-02-05 09:44:57.879  INFO 40032 --- [restartedMain] com.zaxxer.hikari.HikariDataSource       : HikariPool-1 - Starting...
2021-02-05 09:44:58.139  INFO 40032 --- [restartedMain] com.zaxxer.hikari.HikariDataSource       : HikariPool-1 - Start completed.
2021-02-05 09:44:58.152  INFO 40032 --- [restartedMain] org.hibernate.dialect.Dialect            : HHH000400: Using dialect: org.hibernate.dialect.MySQL8Dialect
2021-02-05 09:44:58.626  INFO 40032 --- [restartedMain] o.h.e.t.j.p.i.JtaPlatformInitiator       : HHH000490: Using JtaPlatform implementation: [org.hibernate.engine.transaction.jta.platform.internal.NoJtaPlatform]
2021-02-05 09:44:58.632  INFO 40032 --- [restartedMain] j.LocalContainerEntityManagerFactoryBean : Initialized JPA EntityManagerFactory for persistence unit 'default'
2021-02-05 09:44:58.665  INFO 40032 --- [restartedMain] o.s.b.d.a.OptionalLiveReloadServer       : LiveReload server is running on port 35729
2021-02-05 09:44:58.696  WARN 40032 --- [restartedMain] JpaBaseConfiguration$JpaWebConfiguration : spring.jpa.open-in-view is enabled by default. Therefore, database queries may be performed during view rendering. Explicitly configure spring.jpa.open-in-view to disable this warning
2021-02-05 09:44:59.241  INFO 40032 --- [restartedMain] o.s.s.concurrent.ThreadPoolTaskExecutor  : Initializing ExecutorService 'applicationTaskExecutor'
2021-02-05 09:44:59.310  INFO 40032 --- [restartedMain] o.s.b.a.w.s.WelcomePageHandlerMapping    : Adding welcome page template: index
2021-02-05 09:44:59.449  INFO 40032 --- [restartedMain] .s.s.UserDetailsServiceAutoConfiguration : 

Using generated security password: ee29db88-a9d2-41cd-8f2b-5ba431bd13b3

2021-02-05 09:44:59.506  INFO 40032 --- [restartedMain] o.s.s.web.DefaultSecurityFilterChain     : Will secure any request with [org.springframework.security.web.context.request.async.WebAsyncManagerIntegrationFilter@78077aa4, org.springframework.security.web.context.SecurityContextPersistenceFilter@2df4b6da, org.springframework.security.web.header.HeaderWriterFilter@526e1dfc, org.springframework.security.web.csrf.CsrfFilter@8f2b7ea, org.springframework.security.web.authentication.logout.LogoutFilter@243c16c0, org.springframework.security.web.savedrequest.RequestCacheAwareFilter@7121d07d, org.springframework.security.web.servletapi.SecurityContextHolderAwareRequestFilter@2db9c385, org.springframework.security.web.authentication.rememberme.RememberMeAuthenticationFilter@1b0971ab, org.springframework.security.web.authentication.AnonymousAuthenticationFilter@60ba2ee6, org.springframework.security.web.session.SessionManagementFilter@4e525062, org.springframework.security.web.access.ExceptionTranslationFilter@7a61330b]
2021-02-05 09:44:59.519  INFO 40032 --- [restartedMain] o.s.s.c.ThreadPoolTaskScheduler          : Initializing ExecutorService 'taskScheduler'
2021-02-05 09:44:59.568  INFO 40032 --- [restartedMain] o.s.b.w.embedded.tomcat.TomcatWebServer  : Tomcat started on port(s): 8080 (http) with context path ''
2021-02-05 09:44:59.579  INFO 40032 --- [restartedMain] a.demo.XingzhengguanjiaApplication       : Started XingzhengguanjiaApplication in 3.34 seconds (JVM running for 4.101)
2021-02-05 09:45:00.316  INFO 40032 --- [http-nio-8080-exec-1] o.a.c.c.C.[Tomcat].[localhost].[/]       : Initializing Spring DispatcherServlet 'dispatcherServlet'
2021-02-05 09:45:00.316  INFO 40032 --- [http-nio-8080-exec-1] o.s.web.servlet.DispatcherServlet        : Initializing Servlet 'dispatcherServlet'
2021-02-05 09:45:00.317  INFO 40032 --- [http-nio-8080-exec-1] o.s.web.servlet.DispatcherServlet        : Completed initialization in 1 ms
2021-02-05 09:45:56.684  INFO 40032 --- [Thread-4] o.s.s.c.ThreadPoolTaskScheduler          : Shutting down ExecutorService 'taskScheduler'
2021-02-05 09:45:56.686  INFO 40032 --- [Thread-4] o.s.s.concurrent.ThreadPoolTaskExecutor  : Shutting down ExecutorService 'applicationTaskExecutor'
2021-02-05 09:45:56.694  INFO 40032 --- [Thread-4] j.LocalContainerEntityManagerFactoryBean : Closing JPA EntityManagerFactory for persistence unit 'default'
2021-02-05 09:45:56.700  INFO 40032 --- [Thread-4] com.zaxxer.hikari.HikariDataSource       : HikariPool-1 - Shutdown initiated...
2021-02-05 09:45:56.717  INFO 40032 --- [Thread-4] com.zaxxer.hikari.HikariDataSource       : HikariPool-1 - Shutdown completed.
2021-02-05 09:45:56.857  INFO 40032 --- [restartedMain] a.demo.XingzhengguanjiaApplication       : Starting XingzhengguanjiaApplication using Java 15 on RaydeMacBook-Pro.local with PID 40032 (/Users/rayap/IdeaProjects/xingzhengguanjia/target/classes started by rayap in /Users/rayap/IdeaProjects/xingzhengguanjia)
2021-02-05 09:45:56.857  INFO 40032 --- [restartedMain] a.demo.XingzhengguanjiaApplication       : No active profile set, falling back to default profiles: default
2021-02-05 09:45:57.110  INFO 40032 --- [restartedMain] .s.d.r.c.RepositoryConfigurationDelegate : Bootstrapping Spring Data JPA repositories in DEFAULT mode.
2021-02-05 09:45:57.155  INFO 40032 --- [restartedMain] .s.d.r.c.RepositoryConfigurationDelegate : Finished Spring Data repository scanning in 44 ms. Found 5 JPA repository interfaces.
2021-02-05 09:45:57.463  INFO 40032 --- [restartedMain] o.s.b.w.embedded.tomcat.TomcatWebServer  : Tomcat initialized with port(s): 8080 (http)
2021-02-05 09:45:57.465  INFO 40032 --- [restartedMain] o.apache.catalina.core.StandardService   : Starting service [Tomcat]
2021-02-05 09:45:57.465  INFO 40032 --- [restartedMain] org.apache.catalina.core.StandardEngine  : Starting Servlet engine: [Apache Tomcat/9.0.41]
2021-02-05 09:45:57.484  INFO 40032 --- [restartedMain] o.a.c.c.C.[Tomcat].[localhost].[/]       : Initializing Spring embedded WebApplicationContext
2021-02-05 09:45:57.484  INFO 40032 --- [restartedMain] w.s.c.ServletWebServerApplicationContext : Root WebApplicationContext: initialization completed in 624 ms
2021-02-05 09:45:57.526  INFO 40032 --- [restartedMain] o.hibernate.jpa.internal.util.LogHelper  : HHH000204: Processing PersistenceUnitInfo [name: default]
2021-02-05 09:45:57.530  INFO 40032 --- [restartedMain] com.zaxxer.hikari.HikariDataSource       : HikariPool-2 - Starting...
2021-02-05 09:45:57.553  INFO 40032 --- [restartedMain] com.zaxxer.hikari.HikariDataSource       : HikariPool-2 - Start completed.
2021-02-05 09:45:57.553  INFO 40032 --- [restartedMain] org.hibernate.dialect.Dialect            : HHH000400: Using dialect: org.hibernate.dialect.MySQL8Dialect
2021-02-05 09:45:57.718  INFO 40032 --- [restartedMain] o.h.e.t.j.p.i.JtaPlatformInitiator       : HHH000490: Using JtaPlatform implementation: [org.hibernate.engine.transaction.jta.platform.internal.NoJtaPlatform]
2021-02-05 09:45:57.719  INFO 40032 --- [restartedMain] j.LocalContainerEntityManagerFactoryBean : Initialized JPA EntityManagerFactory for persistence unit 'default'
2021-02-05 09:45:57.739  INFO 40032 --- [restartedMain] o.s.b.d.a.OptionalLiveReloadServer       : LiveReload server is running on port 35729
2021-02-05 09:45:57.762  WARN 40032 --- [restartedMain] JpaBaseConfiguration$JpaWebConfiguration : spring.jpa.open-in-view is enabled by default. Therefore, database queries may be performed during view rendering. Explicitly configure spring.jpa.open-in-view to disable this warning
2021-02-05 09:45:57.992  INFO 40032 --- [restartedMain] o.s.s.concurrent.ThreadPoolTaskExecutor  : Initializing ExecutorService 'applicationTaskExecutor'
2021-02-05 09:45:58.011  INFO 40032 --- [restartedMain] o.s.b.a.w.s.WelcomePageHandlerMapping    : Adding welcome page template: index
2021-02-05 09:45:58.056  INFO 40032 --- [restartedMain] .s.s.UserDetailsServiceAutoConfiguration : 

Using generated security password: f340734a-6ec9-4915-b819-cb6488edc05b

2021-02-05 09:45:58.063  INFO 40032 --- [restartedMain] o.s.s.web.DefaultSecurityFilterChain     : Will secure any request with [org.springframework.security.web.context.request.async.WebAsyncManagerIntegrationFilter@23b6f23f, org.springframework.security.web.context.SecurityContextPersistenceFilter@12fee8dc, org.springframework.security.web.header.HeaderWriterFilter@257577d2, org.springframework.security.web.csrf.CsrfFilter@47c21c0f, org.springframework.security.web.authentication.logout.LogoutFilter@4c24407, org.springframework.security.web.savedrequest.RequestCacheAwareFilter@77f9680d, org.springframework.security.web.servletapi.SecurityContextHolderAwareRequestFilter@79bc5ac7, org.springframework.security.web.authentication.rememberme.RememberMeAuthenticationFilter@3847fd92, org.springframework.security.web.authentication.AnonymousAuthenticationFilter@3d70d641, org.springframework.security.web.session.SessionManagementFilter@450bb616, org.springframework.security.web.access.ExceptionTranslationFilter@4d6510ee]
2021-02-05 09:45:58.066  INFO 40032 --- [restartedMain] o.s.s.c.ThreadPoolTaskScheduler          : Initializing ExecutorService 'taskScheduler'
2021-02-05 09:45:58.081  INFO 40032 --- [restartedMain] o.s.b.w.embedded.tomcat.TomcatWebServer  : Tomcat started on port(s): 8080 (http) with context path ''
2021-02-05 09:45:58.085  INFO 40032 --- [restartedMain] a.demo.XingzhengguanjiaApplication       : Started XingzhengguanjiaApplication in 1.276 seconds (JVM running for 62.607)
2021-02-05 09:45:58.087  INFO 40032 --- [restartedMain] .ConditionEvaluationDeltaLoggingListener : Condition evaluation unchanged
2021-02-05 09:45:58.531  INFO 40032 --- [http-nio-8080-exec-1] o.a.c.c.C.[Tomcat].[localhost].[/]       : Initializing Spring DispatcherServlet 'dispatcherServlet'
2021-02-05 09:45:58.531  INFO 40032 --- [http-nio-8080-exec-1] o.s.web.servlet.DispatcherServlet        : Initializing Servlet 'dispatcherServlet'
2021-02-05 09:45:58.532  INFO 40032 --- [http-nio-8080-exec-1] o.s.web.servlet.DispatcherServlet        : Completed initialization in 1 ms
2021-02-05 09:46:38.964  INFO 40032 --- [Thread-8] o.s.s.c.ThreadPoolTaskScheduler          : Shutting down ExecutorService 'taskScheduler'
2021-02-05 09:46:38.965  INFO 40032 --- [Thread-8] o.s.s.concurrent.ThreadPoolTaskExecutor  : Shutting down ExecutorService 'applicationTaskExecutor'
2021-02-05 09:46:38.966  INFO 40032 --- [Thread-8] j.LocalContainerEntityManagerFactoryBean : Closing JPA EntityManagerFactory for persistence unit 'default'
2021-02-05 09:46:38.967  INFO 40032 --- [Thread-8] com.zaxxer.hikari.HikariDataSource       : HikariPool-2 - Shutdown initiated...
2021-02-05 09:46:38.970  INFO 40032 --- [Thread-8] com.zaxxer.hikari.HikariDataSource       : HikariPool-2 - Shutdown completed.
2021-02-05 09:46:39.033  INFO 40032 --- [restartedMain] a.demo.XingzhengguanjiaApplication       : Starting XingzhengguanjiaApplication using Java 15 on RaydeMacBook-Pro.local with PID 40032 (/Users/rayap/IdeaProjects/xingzhengguanjia/target/classes started by rayap in /Users/rayap/IdeaProjects/xingzhengguanjia)
2021-02-05 09:46:39.033  INFO 40032 --- [restartedMain] a.demo.XingzhengguanjiaApplication       : No active profile set, falling back to default profiles: default
2021-02-05 09:46:39.157  INFO 40032 --- [restartedMain] .s.d.r.c.RepositoryConfigurationDelegate : Bootstrapping Spring Data JPA repositories in DEFAULT mode.
2021-02-05 09:46:39.172  INFO 40032 --- [restartedMain] .s.d.r.c.RepositoryConfigurationDelegate : Finished Spring Data repository scanning in 14 ms. Found 5 JPA repository interfaces.
2021-02-05 09:46:39.246  INFO 40032 --- [restartedMain] o.s.b.w.embedded.tomcat.TomcatWebServer  : Tomcat initialized with port(s): 8080 (http)
2021-02-05 09:46:39.246  INFO 40032 --- [restartedMain] o.apache.catalina.core.StandardService   : Starting service [Tomcat]
2021-02-05 09:46:39.247  INFO 40032 --- [restartedMain] org.apache.catalina.core.StandardEngine  : Starting Servlet engine: [Apache Tomcat/9.0.41]
2021-02-05 09:46:39.258  INFO 40032 --- [restartedMain] o.a.c.c.C.[Tomcat].[localhost].[/]       : Initializing Spring embedded WebApplicationContext
2021-02-05 09:46:39.259  INFO 40032 --- [restartedMain] w.s.c.ServletWebServerApplicationContext : Root WebApplicationContext: initialization completed in 224 ms
2021-02-05 09:46:39.289  INFO 40032 --- [restartedMain] o.hibernate.jpa.internal.util.LogHelper  : HHH000204: Processing PersistenceUnitInfo [name: default]
2021-02-05 09:46:39.293  INFO 40032 --- [restartedMain] com.zaxxer.hikari.HikariDataSource       : HikariPool-3 - Starting...
2021-02-05 09:46:39.316  INFO 40032 --- [restartedMain] com.zaxxer.hikari.HikariDataSource       : HikariPool-3 - Start completed.
2021-02-05 09:46:39.316  INFO 40032 --- [restartedMain] org.hibernate.dialect.Dialect            : HHH000400: Using dialect: org.hibernate.dialect.MySQL8Dialect
2021-02-05 09:46:39.410  INFO 40032 --- [restartedMain] o.h.e.t.j.p.i.JtaPlatformInitiator       : HHH000490: Using JtaPlatform implementation: [org.hibernate.engine.transaction.jta.platform.internal.NoJtaPlatform]
2021-02-05 09:46:39.410  INFO 40032 --- [restartedMain] j.LocalContainerEntityManagerFactoryBean : Initialized JPA EntityManagerFactory for persistence unit 'default'
2021-02-05 09:46:39.418  INFO 40032 --- [restartedMain] o.s.b.d.a.OptionalLiveReloadServer       : LiveReload server is running on port 35729
2021-02-05 09:46:39.428  WARN 40032 --- [restartedMain] JpaBaseConfiguration$JpaWebConfiguration : spring.jpa.open-in-view is enabled by default. Therefore, database queries may be performed during view rendering. Explicitly configure spring.jpa.open-in-view to disable this warning
2021-02-05 09:46:39.574  INFO 40032 --- [restartedMain] o.s.s.concurrent.ThreadPoolTaskExecutor  : Initializing ExecutorService 'applicationTaskExecutor'
2021-02-05 09:46:39.586  INFO 40032 --- [restartedMain] o.s.b.a.w.s.WelcomePageHandlerMapping    : Adding welcome page template: index
2021-02-05 09:46:39.614  INFO 40032 --- [restartedMain] .s.s.UserDetailsServiceAutoConfiguration : 

Using generated security password: 488275f2-526c-44d7-80cf-4e840625d44c

2021-02-05 09:46:39.619  INFO 40032 --- [restartedMain] o.s.s.web.DefaultSecurityFilterChain     : Will secure any request with [org.springframework.security.web.context.request.async.WebAsyncManagerIntegrationFilter@6361255c, org.springframework.security.web.context.SecurityContextPersistenceFilter@4ebddebe, org.springframework.security.web.header.HeaderWriterFilter@289637c0, org.springframework.security.web.csrf.CsrfFilter@4695da6d, org.springframework.security.web.authentication.logout.LogoutFilter@724afa04, org.springframework.security.web.savedrequest.RequestCacheAwareFilter@74caca94, org.springframework.security.web.servletapi.SecurityContextHolderAwareRequestFilter@6dfbdbfa, org.springframework.security.web.authentication.rememberme.RememberMeAuthenticationFilter@50f610b3, org.springframework.security.web.authentication.AnonymousAuthenticationFilter@25b33be6, org.springframework.security.web.session.SessionManagementFilter@26132ea3, org.springframework.security.web.access.ExceptionTranslationFilter@5b8c283d]
2021-02-05 09:46:39.622  INFO 40032 --- [restartedMain] o.s.s.c.ThreadPoolTaskScheduler          : Initializing ExecutorService 'taskScheduler'
2021-02-05 09:46:39.635  INFO 40032 --- [restartedMain] o.s.b.w.embedded.tomcat.TomcatWebServer  : Tomcat started on port(s): 8080 (http) with context path ''
2021-02-05 09:46:39.640  INFO 40032 --- [restartedMain] a.demo.XingzhengguanjiaApplication       : Started XingzhengguanjiaApplication in 0.628 seconds (JVM running for 104.162)
2021-02-05 09:46:39.641  INFO 40032 --- [restartedMain] .ConditionEvaluationDeltaLoggingListener : Condition evaluation unchanged
2021-02-05 09:58:59.032  WARN 40032 --- [HikariPool-3 housekeeper] com.zaxxer.hikari.pool.HikariPool        : HikariPool-3 - Thread starvation or clock leap detected (housekeeper delta=12m19s613ms).
2021-02-05 09:59:32.194  INFO 40032 --- [http-nio-8080-exec-1] o.a.c.c.C.[Tomcat].[localhost].[/]       : Initializing Spring DispatcherServlet 'dispatcherServlet'
2021-02-05 09:59:32.195  INFO 40032 --- [http-nio-8080-exec-1] o.s.web.servlet.DispatcherServlet        : Initializing Servlet 'dispatcherServlet'
2021-02-05 09:59:32.196  INFO 40032 --- [http-nio-8080-exec-1] o.s.web.servlet.DispatcherServlet        : Completed initialization in 1 ms
2021-02-05 09:59:58.178  WARN 40032 --- [http-nio-8080-exec-3] o.springframework.validation.DataBinder  : Skipping URI variable 'id' because request contains bind value with same name.
2021-02-05 10:00:27.593  INFO 40032 --- [SpringContextShutdownHook] o.s.s.c.ThreadPoolTaskScheduler          : Shutting down ExecutorService 'taskScheduler'
2021-02-05 10:00:27.593  INFO 40032 --- [SpringContextShutdownHook] o.s.s.concurrent.ThreadPoolTaskExecutor  : Shutting down ExecutorService 'applicationTaskExecutor'
2021-02-05 10:00:27.594  INFO 40032 --- [SpringContextShutdownHook] j.LocalContainerEntityManagerFactoryBean : Closing JPA EntityManagerFactory for persistence unit 'default'
2021-02-05 10:00:27.594  INFO 40032 --- [SpringContextShutdownHook] com.zaxxer.hikari.HikariDataSource       : HikariPool-3 - Shutdown initiated...
2021-02-05 10:00:27.597  INFO 40032 --- [SpringContextShutdownHook] com.zaxxer.hikari.HikariDataSource       : HikariPool-3 - Shutdown completed.
2021-02-05 10:00:33.473  INFO 40484 --- [restartedMain] a.demo.XingzhengguanjiaApplication       : Starting XingzhengguanjiaApplication using Java 15 on RaydeMacBook-Pro.local with PID 40484 (/Users/rayap/IdeaProjects/xingzhengguanjia/target/classes started by rayap in /Users/rayap/IdeaProjects/xingzhengguanjia)
2021-02-05 10:00:33.476  INFO 40484 --- [restartedMain] a.demo.XingzhengguanjiaApplication       : No active profile set, falling back to default profiles: default
2021-02-05 10:00:33.532  INFO 40484 --- [restartedMain] .e.DevToolsPropertyDefaultsPostProcessor : Devtools property defaults active! Set 'spring.devtools.add-properties' to 'false' to disable
2021-02-05 10:00:33.533  INFO 40484 --- [restartedMain] .e.DevToolsPropertyDefaultsPostProcessor : For additional web related logging consider setting the 'logging.level.web' property to 'DEBUG'
2021-02-05 10:00:34.178  INFO 40484 --- [restartedMain] .s.d.r.c.RepositoryConfigurationDelegate : Bootstrapping Spring Data JPA repositories in DEFAULT mode.
2021-02-05 10:00:34.240  INFO 40484 --- [restartedMain] .s.d.r.c.RepositoryConfigurationDelegate : Finished Spring Data repository scanning in 49 ms. Found 5 JPA repository interfaces.
2021-02-05 10:00:34.647  INFO 40484 --- [restartedMain] o.s.b.w.embedded.tomcat.TomcatWebServer  : Tomcat initialized with port(s): 8080 (http)
2021-02-05 10:00:34.653  INFO 40484 --- [restartedMain] o.apache.catalina.core.StandardService   : Starting service [Tomcat]
2021-02-05 10:00:34.653  INFO 40484 --- [restartedMain] org.apache.catalina.core.StandardEngine  : Starting Servlet engine: [Apache Tomcat/9.0.41]
2021-02-05 10:00:34.704  INFO 40484 --- [restartedMain] o.a.c.c.C.[Tomcat].[localhost].[/]       : Initializing Spring embedded WebApplicationContext
2021-02-05 10:00:34.704  INFO 40484 --- [restartedMain] w.s.c.ServletWebServerApplicationContext : Root WebApplicationContext: initialization completed in 1170 ms
2021-02-05 10:00:34.845  INFO 40484 --- [restartedMain] o.hibernate.jpa.internal.util.LogHelper  : HHH000204: Processing PersistenceUnitInfo [name: default]
2021-02-05 10:00:34.871  INFO 40484 --- [restartedMain] org.hibernate.Version                    : HHH000412: Hibernate ORM core version 5.4.25.Final
2021-02-05 10:00:34.968  INFO 40484 --- [restartedMain] o.hibernate.annotations.common.Version   : HCANN000001: Hibernate Commons Annotations {5.1.2.Final}
2021-02-05 10:00:35.020  INFO 40484 --- [restartedMain] com.zaxxer.hikari.HikariDataSource       : HikariPool-1 - Starting...
2021-02-05 10:00:35.254  INFO 40484 --- [restartedMain] com.zaxxer.hikari.HikariDataSource       : HikariPool-1 - Start completed.
2021-02-05 10:00:35.265  INFO 40484 --- [restartedMain] org.hibernate.dialect.Dialect            : HHH000400: Using dialect: org.hibernate.dialect.MySQL8Dialect
2021-02-05 10:00:35.694  INFO 40484 --- [restartedMain] o.h.e.t.j.p.i.JtaPlatformInitiator       : HHH000490: Using JtaPlatform implementation: [org.hibernate.engine.transaction.jta.platform.internal.NoJtaPlatform]
2021-02-05 10:00:35.699  INFO 40484 --- [restartedMain] j.LocalContainerEntityManagerFactoryBean : Initialized JPA EntityManagerFactory for persistence unit 'default'
2021-02-05 10:00:35.721  INFO 40484 --- [restartedMain] o.s.b.d.a.OptionalLiveReloadServer       : LiveReload server is running on port 35729
2021-02-05 10:00:35.747  WARN 40484 --- [restartedMain] JpaBaseConfiguration$JpaWebConfiguration : spring.jpa.open-in-view is enabled by default. Therefore, database queries may be performed during view rendering. Explicitly configure spring.jpa.open-in-view to disable this warning
2021-02-05 10:00:36.184  INFO 40484 --- [restartedMain] o.s.s.concurrent.ThreadPoolTaskExecutor  : Initializing ExecutorService 'applicationTaskExecutor'
2021-02-05 10:00:36.241  INFO 40484 --- [restartedMain] o.s.b.a.w.s.WelcomePageHandlerMapping    : Adding welcome page template: index
2021-02-05 10:00:36.359  INFO 40484 --- [restartedMain] .s.s.UserDetailsServiceAutoConfiguration : 

Using generated security password: d22d7aac-e9fa-406d-a680-2a587978a770

2021-02-05 10:00:36.410  INFO 40484 --- [restartedMain] o.s.s.web.DefaultSecurityFilterChain     : Will secure any request with [org.springframework.security.web.context.request.async.WebAsyncManagerIntegrationFilter@7401421d, org.springframework.security.web.context.SecurityContextPersistenceFilter@72f3cb1e, org.springframework.security.web.header.HeaderWriterFilter@6b3da65b, org.springframework.security.web.csrf.CsrfFilter@7791605e, org.springframework.security.web.authentication.logout.LogoutFilter@32fb167e, org.springframework.security.web.savedrequest.RequestCacheAwareFilter@163363c6, org.springframework.security.web.servletapi.SecurityContextHolderAwareRequestFilter@2dac44ea, org.springframework.security.web.authentication.rememberme.RememberMeAuthenticationFilter@10e7166a, org.springframework.security.web.authentication.AnonymousAuthenticationFilter@291d00d9, org.springframework.security.web.session.SessionManagementFilter@85acc64, org.springframework.security.web.access.ExceptionTranslationFilter@1441dfca]
2021-02-05 10:00:36.423  INFO 40484 --- [restartedMain] o.s.s.c.ThreadPoolTaskScheduler          : Initializing ExecutorService 'taskScheduler'
2021-02-05 10:00:36.481  INFO 40484 --- [restartedMain] o.s.b.w.embedded.tomcat.TomcatWebServer  : Tomcat started on port(s): 8080 (http) with context path ''
2021-02-05 10:00:36.493  INFO 40484 --- [restartedMain] a.demo.XingzhengguanjiaApplication       : Started XingzhengguanjiaApplication in 3.356 seconds (JVM running for 4.071)
2021-02-05 10:00:52.559  INFO 40484 --- [SpringContextShutdownHook] o.s.s.c.ThreadPoolTaskScheduler          : Shutting down ExecutorService 'taskScheduler'
2021-02-05 10:00:52.560  INFO 40484 --- [SpringContextShutdownHook] o.s.s.concurrent.ThreadPoolTaskExecutor  : Shutting down ExecutorService 'applicationTaskExecutor'
2021-02-05 10:00:52.561  INFO 40484 --- [SpringContextShutdownHook] j.LocalContainerEntityManagerFactoryBean : Closing JPA EntityManagerFactory for persistence unit 'default'
2021-02-05 10:00:52.564  INFO 40484 --- [SpringContextShutdownHook] com.zaxxer.hikari.HikariDataSource       : HikariPool-1 - Shutdown initiated...
2021-02-05 10:00:52.568  INFO 40484 --- [SpringContextShutdownHook] com.zaxxer.hikari.HikariDataSource       : HikariPool-1 - Shutdown completed.
