2021-02-04 17:00:30.089  INFO 23367 --- [restartedMain] a.demo.XingzhengguanjiaApplication       : Starting XingzhengguanjiaApplication using Java 15 on RaydeMacBook-Pro.local with PID 23367 (/Users/rayap/IdeaProjects/xingzhengguanjia/out/artifacts/xingzhengguanjia_jar/xingzhengguanjia.jar started by rayap in /Users/rayap/IdeaProjects/xingzhengguanjia/out/artifacts/xingzhengguanjia_jar)
2021-02-04 17:00:30.092  INFO 23367 --- [restartedMain] a.demo.XingzhengguanjiaApplication       : No active profile set, falling back to default profiles: default
2021-02-04 17:00:30.143  INFO 23367 --- [restartedMain] .e.DevToolsPropertyDefaultsPostProcessor : Devtools property defaults active! Set 'spring.devtools.add-properties' to 'false' to disable
2021-02-04 17:00:30.143  INFO 23367 --- [restartedMain] .e.DevToolsPropertyDefaultsPostProcessor : For additional web related logging consider setting the 'logging.level.web' property to 'DEBUG'
2021-02-04 17:00:30.705  INFO 23367 --- [restartedMain] .s.d.r.c.RepositoryConfigurationDelegate : Bootstrapping Spring Data JPA repositories in DEFAULT mode.
2021-02-04 17:00:30.775  INFO 23367 --- [restartedMain] .s.d.r.c.RepositoryConfigurationDelegate : Finished Spring Data repository scanning in 60 ms. Found 5 JPA repository interfaces.
2021-02-04 17:00:31.421  INFO 23367 --- [restartedMain] o.s.b.w.embedded.tomcat.TomcatWebServer  : Tomcat initialized with port(s): 8080 (http)
2021-02-04 17:00:31.432  INFO 23367 --- [restartedMain] o.apache.catalina.core.StandardService   : Starting service [Tomcat]
2021-02-04 17:00:31.432  INFO 23367 --- [restartedMain] org.apache.catalina.core.StandardEngine  : Starting Servlet engine: [Apache Tomcat/9.0.41]
2021-02-04 17:00:31.474  INFO 23367 --- [restartedMain] o.a.c.c.C.[Tomcat].[localhost].[/]       : Initializing Spring embedded WebApplicationContext
2021-02-04 17:00:31.474  INFO 23367 --- [restartedMain] w.s.c.ServletWebServerApplicationContext : Root WebApplicationContext: initialization completed in 1330 ms
2021-02-04 17:00:31.704  INFO 23367 --- [restartedMain] o.hibernate.jpa.internal.util.LogHelper  : HHH000204: Processing PersistenceUnitInfo [name: default]
2021-02-04 17:00:31.753  INFO 23367 --- [restartedMain] org.hibernate.Version                    : HHH000412: Hibernate ORM core version 5.4.25.Final
2021-02-04 17:00:31.897  INFO 23367 --- [restartedMain] o.hibernate.annotations.common.Version   : HCANN000001: Hibernate Commons Annotations {5.1.2.Final}
2021-02-04 17:00:31.982  INFO 23367 --- [restartedMain] com.zaxxer.hikari.HikariDataSource       : HikariPool-1 - Starting...
2021-02-04 17:00:32.320  INFO 23367 --- [restartedMain] com.zaxxer.hikari.HikariDataSource       : HikariPool-1 - Start completed.
2021-02-04 17:00:32.346  INFO 23367 --- [restartedMain] org.hibernate.dialect.Dialect            : HHH000400: Using dialect: org.hibernate.dialect.MySQL8Dialect
2021-02-04 17:00:33.027  INFO 23367 --- [restartedMain] o.h.e.t.j.p.i.JtaPlatformInitiator       : HHH000490: Using JtaPlatform implementation: [org.hibernate.engine.transaction.jta.platform.internal.NoJtaPlatform]
2021-02-04 17:00:33.033  INFO 23367 --- [restartedMain] j.LocalContainerEntityManagerFactoryBean : Initialized JPA EntityManagerFactory for persistence unit 'default'
2021-02-04 17:00:33.048  INFO 23367 --- [restartedMain] o.s.b.d.a.OptionalLiveReloadServer       : LiveReload server is running on port 35729
2021-02-04 17:00:33.106  WARN 23367 --- [restartedMain] JpaBaseConfiguration$JpaWebConfiguration : spring.jpa.open-in-view is enabled by default. Therefore, database queries may be performed during view rendering. Explicitly configure spring.jpa.open-in-view to disable this warning
2021-02-04 17:00:33.757  INFO 23367 --- [restartedMain] o.s.s.concurrent.ThreadPoolTaskExecutor  : Initializing ExecutorService 'applicationTaskExecutor'
2021-02-04 17:00:33.846  INFO 23367 --- [restartedMain] o.s.b.a.w.s.WelcomePageHandlerMapping    : Adding welcome page template: index
2021-02-04 17:00:34.024  INFO 23367 --- [restartedMain] .s.s.UserDetailsServiceAutoConfiguration : 

Using generated security password: 8bf5d4a7-35c6-4ce7-a612-b852f7248b39

2021-02-04 17:00:34.092  INFO 23367 --- [restartedMain] o.s.s.web.DefaultSecurityFilterChain     : Will secure any request with [org.springframework.security.web.context.request.async.WebAsyncManagerIntegrationFilter@4ff7cbf, org.springframework.security.web.context.SecurityContextPersistenceFilter@7886c631, org.springframework.security.web.header.HeaderWriterFilter@283ab7b1, org.springframework.security.web.csrf.CsrfFilter@330a8beb, org.springframework.security.web.authentication.logout.LogoutFilter@6f389abe, org.springframework.security.web.savedrequest.RequestCacheAwareFilter@5c538da3, org.springframework.security.web.servletapi.SecurityContextHolderAwareRequestFilter@21a6de2, org.springframework.security.web.authentication.rememberme.RememberMeAuthenticationFilter@3db7ad3, org.springframework.security.web.authentication.AnonymousAuthenticationFilter@7f99abf4, org.springframework.security.web.session.SessionManagementFilter@5f1ac566, org.springframework.security.web.access.ExceptionTranslationFilter@e3da91f]
2021-02-04 17:00:34.109  INFO 23367 --- [restartedMain] o.s.s.c.ThreadPoolTaskScheduler          : Initializing ExecutorService 'taskScheduler'
2021-02-04 17:00:34.173  INFO 23367 --- [restartedMain] o.s.b.w.embedded.tomcat.TomcatWebServer  : Tomcat started on port(s): 8080 (http) with context path ''
2021-02-04 17:00:34.187  INFO 23367 --- [restartedMain] a.demo.XingzhengguanjiaApplication       : Started XingzhengguanjiaApplication in 4.398 seconds (JVM running for 4.713)
2021-02-04 17:00:37.843  INFO 23367 --- [http-nio-8080-exec-1] o.a.c.c.C.[Tomcat].[localhost].[/]       : Initializing Spring DispatcherServlet 'dispatcherServlet'
2021-02-04 17:00:37.843  INFO 23367 --- [http-nio-8080-exec-1] o.s.web.servlet.DispatcherServlet        : Initializing Servlet 'dispatcherServlet'
2021-02-04 17:00:37.845  INFO 23367 --- [http-nio-8080-exec-1] o.s.web.servlet.DispatcherServlet        : Completed initialization in 2 ms
2021-02-04 17:01:01.875  INFO 23367 --- [SpringContextShutdownHook] o.s.s.c.ThreadPoolTaskScheduler          : Shutting down ExecutorService 'taskScheduler'
2021-02-04 17:01:01.877  INFO 23367 --- [SpringContextShutdownHook] o.s.s.concurrent.ThreadPoolTaskExecutor  : Shutting down ExecutorService 'applicationTaskExecutor'
2021-02-04 17:01:01.879  INFO 23367 --- [SpringContextShutdownHook] j.LocalContainerEntityManagerFactoryBean : Closing JPA EntityManagerFactory for persistence unit 'default'
2021-02-04 17:01:01.882  INFO 23367 --- [SpringContextShutdownHook] com.zaxxer.hikari.HikariDataSource       : HikariPool-1 - Shutdown initiated...
2021-02-04 17:01:01.888  INFO 23367 --- [SpringContextShutdownHook] com.zaxxer.hikari.HikariDataSource       : HikariPool-1 - Shutdown completed.
2021-02-04 23:38:53.457  INFO 27810 --- [restartedMain] a.demo.XingzhengguanjiaApplication       : Starting XingzhengguanjiaApplication using Java 15 on RaydeMacBook-Pro.local with PID 27810 (/Users/rayap/IdeaProjects/xingzhengguanjia/out/artifacts/xingzhengguanjia_jar/xingzhengguanjia.jar started by rayap in /Users/rayap/IdeaProjects/xingzhengguanjia/out/artifacts/xingzhengguanjia_jar)
2021-02-04 23:38:53.459  INFO 27810 --- [restartedMain] a.demo.XingzhengguanjiaApplication       : No active profile set, falling back to default profiles: default
2021-02-04 23:38:53.521  INFO 27810 --- [restartedMain] .e.DevToolsPropertyDefaultsPostProcessor : Devtools property defaults active! Set 'spring.devtools.add-properties' to 'false' to disable
2021-02-04 23:38:53.522  INFO 27810 --- [restartedMain] .e.DevToolsPropertyDefaultsPostProcessor : For additional web related logging consider setting the 'logging.level.web' property to 'DEBUG'
2021-02-04 23:38:54.249  INFO 27810 --- [restartedMain] .s.d.r.c.RepositoryConfigurationDelegate : Bootstrapping Spring Data JPA repositories in DEFAULT mode.
2021-02-04 23:38:54.350  INFO 27810 --- [restartedMain] .s.d.r.c.RepositoryConfigurationDelegate : Finished Spring Data repository scanning in 88 ms. Found 5 JPA repository interfaces.
2021-02-04 23:38:55.156  INFO 27810 --- [restartedMain] o.s.b.w.embedded.tomcat.TomcatWebServer  : Tomcat initialized with port(s): 8080 (http)
2021-02-04 23:38:55.167  INFO 27810 --- [restartedMain] o.apache.catalina.core.StandardService   : Starting service [Tomcat]
2021-02-04 23:38:55.168  INFO 27810 --- [restartedMain] org.apache.catalina.core.StandardEngine  : Starting Servlet engine: [Apache Tomcat/9.0.41]
2021-02-04 23:38:55.212  INFO 27810 --- [restartedMain] o.a.c.c.C.[Tomcat].[localhost].[/]       : Initializing Spring embedded WebApplicationContext
2021-02-04 23:38:55.212  INFO 27810 --- [restartedMain] w.s.c.ServletWebServerApplicationContext : Root WebApplicationContext: initialization completed in 1689 ms
2021-02-04 23:38:55.485  INFO 27810 --- [restartedMain] o.hibernate.jpa.internal.util.LogHelper  : HHH000204: Processing PersistenceUnitInfo [name: default]
2021-02-04 23:38:55.553  INFO 27810 --- [restartedMain] org.hibernate.Version                    : HHH000412: Hibernate ORM core version 5.4.25.Final
2021-02-04 23:38:55.679  INFO 27810 --- [restartedMain] o.hibernate.annotations.common.Version   : HCANN000001: Hibernate Commons Annotations {5.1.2.Final}
2021-02-04 23:38:55.754  INFO 27810 --- [restartedMain] com.zaxxer.hikari.HikariDataSource       : HikariPool-1 - Starting...
2021-02-04 23:38:56.077  INFO 27810 --- [restartedMain] com.zaxxer.hikari.HikariDataSource       : HikariPool-1 - Start completed.
2021-02-04 23:38:56.109  INFO 27810 --- [restartedMain] org.hibernate.dialect.Dialect            : HHH000400: Using dialect: org.hibernate.dialect.MySQL8Dialect
2021-02-04 23:38:56.842  INFO 27810 --- [restartedMain] o.h.e.t.j.p.i.JtaPlatformInitiator       : HHH000490: Using JtaPlatform implementation: [org.hibernate.engine.transaction.jta.platform.internal.NoJtaPlatform]
2021-02-04 23:38:56.850  INFO 27810 --- [restartedMain] j.LocalContainerEntityManagerFactoryBean : Initialized JPA EntityManagerFactory for persistence unit 'default'
2021-02-04 23:38:56.866  INFO 27810 --- [restartedMain] o.s.b.d.a.OptionalLiveReloadServer       : LiveReload server is running on port 35729
2021-02-04 23:38:56.920  WARN 27810 --- [restartedMain] JpaBaseConfiguration$JpaWebConfiguration : spring.jpa.open-in-view is enabled by default. Therefore, database queries may be performed during view rendering. Explicitly configure spring.jpa.open-in-view to disable this warning
2021-02-04 23:38:57.641  INFO 27810 --- [restartedMain] o.s.s.concurrent.ThreadPoolTaskExecutor  : Initializing ExecutorService 'applicationTaskExecutor'
2021-02-04 23:38:57.739  INFO 27810 --- [restartedMain] o.s.b.a.w.s.WelcomePageHandlerMapping    : Adding welcome page template: index
2021-02-04 23:38:57.973  INFO 27810 --- [restartedMain] .s.s.UserDetailsServiceAutoConfiguration : 

Using generated security password: 2d32bd72-ceb0-4cf3-b186-92eb8ca53d15

2021-02-04 23:38:58.059  INFO 27810 --- [restartedMain] o.s.s.web.DefaultSecurityFilterChain     : Will secure any request with [org.springframework.security.web.context.request.async.WebAsyncManagerIntegrationFilter@31b4b8a7, org.springframework.security.web.context.SecurityContextPersistenceFilter@3a9b4c21, org.springframework.security.web.header.HeaderWriterFilter@6dcdc0a5, org.springframework.security.web.csrf.CsrfFilter@27b99045, org.springframework.security.web.authentication.logout.LogoutFilter@48aa41f1, org.springframework.security.web.savedrequest.RequestCacheAwareFilter@3a944ed2, org.springframework.security.web.servletapi.SecurityContextHolderAwareRequestFilter@4131488c, org.springframework.security.web.authentication.rememberme.RememberMeAuthenticationFilter@4cb0be1d, org.springframework.security.web.authentication.AnonymousAuthenticationFilter@6b8fab78, org.springframework.security.web.session.SessionManagementFilter@489dc5b7, org.springframework.security.web.access.ExceptionTranslationFilter@5dbbe752]
2021-02-04 23:38:58.075  INFO 27810 --- [restartedMain] o.s.s.c.ThreadPoolTaskScheduler          : Initializing ExecutorService 'taskScheduler'
2021-02-04 23:38:58.121  INFO 27810 --- [restartedMain] o.s.b.w.embedded.tomcat.TomcatWebServer  : Tomcat started on port(s): 8080 (http) with context path ''
2021-02-04 23:38:58.133  INFO 27810 --- [restartedMain] a.demo.XingzhengguanjiaApplication       : Started XingzhengguanjiaApplication in 5.248 seconds (JVM running for 5.659)
2021-02-04 23:39:01.222  INFO 27810 --- [http-nio-8080-exec-1] o.a.c.c.C.[Tomcat].[localhost].[/]       : Initializing Spring DispatcherServlet 'dispatcherServlet'
2021-02-04 23:39:01.222  INFO 27810 --- [http-nio-8080-exec-1] o.s.web.servlet.DispatcherServlet        : Initializing Servlet 'dispatcherServlet'
2021-02-04 23:39:01.223  INFO 27810 --- [http-nio-8080-exec-1] o.s.web.servlet.DispatcherServlet        : Completed initialization in 1 ms
2021-02-04 23:39:22.895  INFO 27810 --- [SpringContextShutdownHook] o.s.s.c.ThreadPoolTaskScheduler          : Shutting down ExecutorService 'taskScheduler'
2021-02-04 23:39:22.896  INFO 27810 --- [SpringContextShutdownHook] o.s.s.concurrent.ThreadPoolTaskExecutor  : Shutting down ExecutorService 'applicationTaskExecutor'
2021-02-04 23:39:22.898  INFO 27810 --- [SpringContextShutdownHook] j.LocalContainerEntityManagerFactoryBean : Closing JPA EntityManagerFactory for persistence unit 'default'
2021-02-04 23:39:22.901  INFO 27810 --- [SpringContextShutdownHook] com.zaxxer.hikari.HikariDataSource       : HikariPool-1 - Shutdown initiated...
2021-02-04 23:39:22.905  INFO 27810 --- [SpringContextShutdownHook] com.zaxxer.hikari.HikariDataSource       : HikariPool-1 - Shutdown completed.
